<?xml version="1.0" encoding="UTF-8"?>
<!-- Generated by org.testng.reporters.JUnitXMLReporter -->
<testsuite ignored="0" hostname="BP-DI-45367" failures="0" tests="3" name="Default test" time="3.656" errors="0" timestamp="2023-05-24T12:46:56 CDT">
  <testcase classname="files.DynamicJSON" name="AddBook" time="2.584"/>
  <testcase classname="files.DynamicJSON" name="AddBook" time="0.514"/>
  <testcase classname="files.DynamicJSON" name="AddBook" time="0.503"/>
</testsuite> <!-- Default test -->
